Hello World!
Starting at Wed Mar 18 12:42:01 PM CET 2026
Running on hosts: node096
Running on 1 nodes.
Running on  processors.
Current working directory is /home/s64jzimm_hpc/julius_master_thesis

***** LAUNCHING *****
2026-03-18 12:42:01

######################################
iteration:  0
######################################
predictions:  [8 1 1 ... 0 1 1] solutions:  [5 2 2 ... 8 6 2]
accruracy:  0.08442028985507247
######################################
iteration:  10
######################################
predictions:  [3 7 6 ... 3 2 2] solutions:  [5 2 2 ... 8 6 2]
accruracy:  0.2722173913043478
######################################
iteration:  20
######################################
predictions:  [9 2 6 ... 9 2 2] solutions:  [5 2 2 ... 8 6 2]
accruracy:  0.3584927536231884
######################################
iteration:  30
######################################
predictions:  [9 2 6 ... 9 2 2] solutions:  [5 2 2 ... 8 6 2]
accruracy:  0.4603478260869565
######################################
iteration:  40
######################################
predictions:  [4 2 6 ... 9 2 2] solutions:  [5 2 2 ... 8 6 2]
accruracy:  0.5280869565217391
######################################
iteration:  50
######################################
predictions:  [4 2 6 ... 9 2 2] solutions:  [5 2 2 ... 8 6 2]
accruracy:  0.5705217391304348
######################################
iteration:  60
######################################
predictions:  [4 2 6 ... 9 2 2] solutions:  [5 2 2 ... 8 6 2]
accruracy:  0.5985942028985507
######################################
iteration:  70
######################################
predictions:  [4 2 6 ... 9 2 2] solutions:  [5 2 2 ... 8 6 2]
accruracy:  0.6236086956521739
######################################
iteration:  80
######################################
predictions:  [4 2 6 ... 9 2 2] solutions:  [5 2 2 ... 8 6 2]
accruracy:  0.6465217391304348
######################################
iteration:  90
######################################
predictions:  [4 2 6 ... 5 2 2] solutions:  [5 2 2 ... 8 6 2]
accruracy:  0.6671159420289855
######################################
iteration:  100
######################################
predictions:  [4 2 2 ... 5 2 2] solutions:  [5 2 2 ... 8 6 2]
accruracy:  0.6839275362318841
######################################
iteration:  110
######################################
predictions:  [4 2 2 ... 5 2 2] solutions:  [5 2 2 ... 8 6 2]
accruracy:  0.6986376811594203
######################################
iteration:  120
######################################
predictions:  [4 2 2 ... 5 2 2] solutions:  [5 2 2 ... 8 6 2]
accruracy:  0.7114782608695652
######################################
iteration:  130
######################################
predictions:  [4 2 2 ... 5 2 2] solutions:  [5 2 2 ... 8 6 2]
accruracy:  0.7225507246376811
######################################
iteration:  140
######################################
predictions:  [4 2 2 ... 5 2 2] solutions:  [5 2 2 ... 8 6 2]
accruracy:  0.7328550724637681
######################################
iteration:  150
######################################
predictions:  [4 2 2 ... 5 2 2] solutions:  [5 2 2 ... 8 6 2]
accruracy:  0.7425652173913043
######################################
iteration:  160
######################################
predictions:  [4 2 2 ... 5 2 2] solutions:  [5 2 2 ... 8 6 2]
accruracy:  0.7507826086956522
######################################
iteration:  170
######################################
predictions:  [4 2 2 ... 5 2 2] solutions:  [5 2 2 ... 8 6 2]
accruracy:  0.7588115942028986
######################################
iteration:  180
######################################
predictions:  [4 2 2 ... 5 2 2] solutions:  [5 2 2 ... 8 6 2]
accruracy:  0.7650434782608696
######################################
iteration:  190
######################################
predictions:  [4 2 2 ... 5 2 2] solutions:  [5 2 2 ... 8 6 2]
accruracy:  0.7718840579710144
######################################
iteration:  200
######################################
predictions:  [4 2 2 ... 5 2 2] solutions:  [5 2 2 ... 8 6 2]
accruracy:  0.777695652173913
######################################
iteration:  210
######################################
predictions:  [4 2 2 ... 5 2 2] solutions:  [5 2 2 ... 8 6 2]
accruracy:  0.7831159420289855
######################################
iteration:  220
######################################
predictions:  [4 2 2 ... 5 2 2] solutions:  [5 2 2 ... 8 6 2]
accruracy:  0.7882898550724637
######################################
iteration:  230
######################################
predictions:  [4 2 2 ... 5 2 2] solutions:  [5 2 2 ... 8 6 2]
accruracy:  0.7931449275362319
######################################
iteration:  240
######################################
predictions:  [4 2 2 ... 5 2 2] solutions:  [5 2 2 ... 8 6 2]
accruracy:  0.7971594202898551
######################################
iteration:  250
######################################
predictions:  [4 2 2 ... 5 2 2] solutions:  [5 2 2 ... 8 6 2]
accruracy:  0.8011594202898551
######################################
iteration:  260
######################################
predictions:  [4 2 2 ... 5 2 2] solutions:  [5 2 2 ... 8 6 2]
accruracy:  0.8050434782608695
######################################
iteration:  270
######################################
predictions:  [4 2 2 ... 5 2 2] solutions:  [5 2 2 ... 8 6 2]
accruracy:  0.808623188405797
######################################
iteration:  280
######################################
predictions:  [4 2 2 ... 5 2 2] solutions:  [5 2 2 ... 8 6 2]
accruracy:  0.8120144927536231
######################################
iteration:  290
######################################
predictions:  [4 2 2 ... 5 2 2] solutions:  [5 2 2 ... 8 6 2]
accruracy:  0.8147971014492753
######################################
iteration:  300
######################################
predictions:  [4 2 2 ... 5 2 2] solutions:  [5 2 2 ... 8 6 2]
accruracy:  0.8179130434782609
######################################
iteration:  310
######################################
predictions:  [4 2 2 ... 5 2 2] solutions:  [5 2 2 ... 8 6 2]
accruracy:  0.820536231884058
######################################
iteration:  320
######################################
predictions:  [4 2 2 ... 5 2 2] solutions:  [5 2 2 ... 8 6 2]
accruracy:  0.8230434782608695
######################################
iteration:  330
######################################
predictions:  [4 2 2 ... 5 2 2] solutions:  [5 2 2 ... 8 6 2]
accruracy:  0.8254782608695652
######################################
iteration:  340
######################################
predictions:  [4 2 2 ... 5 2 2] solutions:  [5 2 2 ... 8 6 2]
accruracy:  0.8276521739130435
######################################
iteration:  350
######################################
predictions:  [4 2 2 ... 5 2 2] solutions:  [5 2 2 ... 8 6 2]
accruracy:  0.8296086956521739
######################################
iteration:  360
######################################
predictions:  [4 2 2 ... 5 2 2] solutions:  [5 2 2 ... 8 6 2]
accruracy:  0.8318550724637681
######################################
iteration:  370
######################################
predictions:  [4 2 2 ... 5 2 2] solutions:  [5 2 2 ... 8 6 2]
accruracy:  0.8340579710144927
######################################
iteration:  380
######################################
predictions:  [4 2 2 ... 5 2 2] solutions:  [5 2 2 ... 8 6 2]
accruracy:  0.8360579710144928
######################################
iteration:  390
######################################
predictions:  [4 2 2 ... 5 2 2] solutions:  [5 2 2 ... 8 6 2]
accruracy:  0.8381449275362319

***** DONE *****
2026-03-18 12:42:33

